2025-01-30 03:26:12 LogWrapper init() ./logs/EUR_USD.log
2025-01-30 03:26:12 {'pair': 'EUR_USD', 'n_ma': 20, 'n_std': 2.0, 'maxspread': 0.0004, 'mingain': 0.0007, 'riskreward': 2.0, 'atr_multiplier': 1.1, 'atr_period': 10, 'atr_threshold': 0.0004, 'rsi_period': 14, 'rsi_overbought': 72, 'rsi_oversold': 28}
2025-01-30 03:26:13 CandleManager() init last_candle:last_candle:25-01-30 08:20 is_ready:False
2025-01-30 03:30:15 CandleManager() new candle:last_candle:25-01-30 08:25 is_ready:True
2025-01-30 03:30:15 tech_manager: max_rows:40 candle_time:2025-01-30 08:25:00+00:00 granularity:M5
2025-01-30 03:30:16 process_candles:
       PAIR      time    mid_c    EMA_20    EMA_50      ADX_14     RSI_14      MACD  SIGNAL_MD  ENGULFING  PIN_BAR_BULL  PIN_BAR_BEAR   SL   TP   SPREAD      GAIN     LOSS  SIGNAL
34  EUR_USD  03:05 AM  1.04222  1.041794  1.041767  -99.612961  61.772554  0.000156   0.000059       True         False         False  0.0  0.0  0.00016  0.000666  1.04222       0
35  EUR_USD  03:10 AM  1.04203  1.041817  1.041777  -49.905790  56.264035  0.000153   0.000080      False         False         False  0.0  0.0  0.00016  0.000434  1.04203       0
36  EUR_USD  03:15 AM  1.04216  1.041849  1.041792   15.790451  58.960622  0.000158   0.000096      False         False         False  0.0  0.0  0.00015  0.000523  1.04216       0
37  EUR_USD  03:20 AM  1.04230  1.041892  1.041812   68.072077  61.699364  0.000171   0.000112      False         False         False  0.0  0.0  0.00015  0.000619  1.04230       0
38  EUR_USD  03:25 AM  1.04240  1.041941  1.041835  118.632063  63.569496  0.000187   0.000128      False         False         False  0.0  0.0  0.00015  0.000667  1.04240       0
2025-01-30 03:35:20 CandleManager() new candle:last_candle:25-01-30 08:30 is_ready:True
2025-01-30 03:35:20 tech_manager: max_rows:40 candle_time:2025-01-30 08:30:00+00:00 granularity:M5
2025-01-30 03:35:20 process_candles:
       PAIR      time    mid_c    EMA_20    EMA_50      ADX_14     RSI_14      MACD  SIGNAL_MD  ENGULFING  PIN_BAR_BULL  PIN_BAR_BEAR   SL   TP   SPREAD      GAIN     LOSS  SIGNAL
34  EUR_USD  03:10 AM  1.04203  1.041816  1.041775  -72.064324  56.285297  0.000153   0.000086      False         False         False  0.0  0.0  0.00016  0.000434  1.04203       0
35  EUR_USD  03:15 AM  1.04216  1.041849  1.041790   -7.224607  58.981529  0.000159   0.000102      False         False         False  0.0  0.0  0.00015  0.000523  1.04216       0
36  EUR_USD  03:20 AM  1.04230  1.041892  1.041810   45.284840  61.719782  0.000171   0.000117      False         False         False  0.0  0.0  0.00015  0.000619  1.04230       0
37  EUR_USD  03:25 AM  1.04240  1.041940  1.041833   96.133495  63.589505  0.000187   0.000132      False         False         False  0.0  0.0  0.00015  0.000667  1.04240       0
38  EUR_USD  03:30 AM  1.04230  1.041975  1.041851  197.130010  60.411829  0.000190   0.000144      False         False         False  0.0  0.0  0.00016  0.000527  1.04230       0
2025-01-30 03:40:24 CandleManager() new candle:last_candle:25-01-30 08:35 is_ready:True
2025-01-30 03:40:24 tech_manager: max_rows:40 candle_time:2025-01-30 08:35:00+00:00 granularity:M5
2025-01-30 03:40:24 process_candles:
       PAIR      time    mid_c    EMA_20    EMA_50      ADX_14     RSI_14      MACD  SIGNAL_MD  ENGULFING  PIN_BAR_BULL  PIN_BAR_BEAR   SL   TP   SPREAD      GAIN     LOSS  SIGNAL
34  EUR_USD  03:15 AM  1.04216  1.041853  1.041819   27.749778  58.792703  0.000159   0.000109      False         False         False  0.0  0.0  0.00015  0.000523  1.04216       0
35  EUR_USD  03:20 AM  1.04230  1.041895  1.041838   78.758477  61.555375  0.000172   0.000123      False         False         False  0.0  0.0  0.00015  0.000619  1.04230       0
36  EUR_USD  03:25 AM  1.04240  1.041943  1.041860  128.043168  63.440798  0.000187   0.000136      False         False         False  0.0  0.0  0.00015  0.000667  1.04240       0
37  EUR_USD  03:30 AM  1.04230  1.041977  1.041877  223.170034  60.258255  0.000190   0.000148      False         False         False  0.0  0.0  0.00016  0.000527  1.04230       0
38  EUR_USD  03:35 AM  1.04193  1.041973  1.041880  312.634376  50.219797  0.000161   0.000151      False         False         False  0.0  0.0  0.00016  0.000120  1.04193       0
2025-01-30 03:45:28 CandleManager() new candle:last_candle:25-01-30 08:40 is_ready:True
2025-01-30 03:45:28 tech_manager: max_rows:40 candle_time:2025-01-30 08:40:00+00:00 granularity:M5
2025-01-30 03:45:28 process_candles:
       PAIR      time    mid_c    EMA_20    EMA_50      ADX_14     RSI_14      MACD  SIGNAL_MD  ENGULFING  PIN_BAR_BULL  PIN_BAR_BEAR   SL   TP   SPREAD      GAIN     LOSS  SIGNAL
34  EUR_USD  03:20 AM  1.04230  1.041899  1.041870  101.506983  61.361774  0.000173   0.000130      False         False         False  0.0  0.0  0.00015  0.000619  1.04230       0
35  EUR_USD  03:25 AM  1.04240  1.041947  1.041891  149.762330  63.265763  0.000188   0.000142      False         False         False  0.0  0.0  0.00015  0.000667  1.04240       0
36  EUR_USD  03:30 AM  1.04230  1.041980  1.041907  241.493146  60.077572  0.000190   0.000153      False         False         False  0.0  0.0  0.00016  0.000527  1.04230       0
37  EUR_USD  03:35 AM  1.04193  1.041976  1.041908  329.325113  50.031321  0.000162   0.000155      False         False         False  0.0  0.0  0.00016  0.000120  1.04193       0
38  EUR_USD  03:40 AM  1.04213  1.041990  1.041917  111.340826  54.463937  0.000153   0.000154      False         False         False  0.0  0.0  0.00016  0.000281  1.04213       0
2025-01-30 03:50:02 CandleManager() new candle:last_candle:25-01-30 08:45 is_ready:True
2025-01-30 03:50:02 tech_manager: max_rows:40 candle_time:2025-01-30 08:45:00+00:00 granularity:M5
2025-01-30 03:50:02 process_candles:
       PAIR      time    mid_c    EMA_20    EMA_50      ADX_14     RSI_14      MACD  SIGNAL_MD  ENGULFING  PIN_BAR_BULL  PIN_BAR_BEAR   SL   TP   SPREAD      GAIN     LOSS  SIGNAL
34  EUR_USD  03:25 AM  1.04240  1.041942  1.041852  134.580024  63.669800  0.000189   0.000150      False         False         False  0.0  0.0  0.00015  0.000667  1.04240       0
35  EUR_USD  03:30 AM  1.04230  1.041976  1.041869  227.221095  60.441796  0.000191   0.000159      False         False         False  0.0  0.0  0.00016  0.000527  1.04230       0
36  EUR_USD  03:35 AM  1.04193  1.041972  1.041872  315.022143  50.283662  0.000163   0.000160      False         False         False  0.0  0.0  0.00016  0.000120  1.04193       0
37  EUR_USD  03:40 AM  1.04213  1.041987  1.041882   78.608506  54.714155  0.000154   0.000159      False         False         False  0.0  0.0  0.00016  0.000281  1.04213       0
38  EUR_USD  03:45 AM  1.04238  1.042024  1.041901  267.852823  59.564876  0.000164   0.000160      False         False         False  0.0  0.0  0.00015  0.000476  1.04238       0
2025-01-30 03:55:05 CandleManager() new candle:last_candle:25-01-30 08:50 is_ready:True
2025-01-30 03:55:06 tech_manager: max_rows:40 candle_time:2025-01-30 08:50:00+00:00 granularity:M5
2025-01-30 03:55:06 process_candles:
       PAIR      time    mid_c    EMA_20    EMA_50      ADX_14     RSI_14      MACD  SIGNAL_MD  ENGULFING  PIN_BAR_BULL  PIN_BAR_BEAR   SL   TP   SPREAD      GAIN     LOSS  SIGNAL
34  EUR_USD  03:30 AM  1.04230  1.041972  1.041840  202.557322  60.739217  0.000192   0.000165      False         False         False  0.0  0.0  0.00016  0.000527  1.04230       0
35  EUR_USD  03:35 AM  1.04193  1.041968  1.041843  291.155550  50.489342  0.000163   0.000164      False         False         False  0.0  0.0  0.00016  0.000120  1.04193       0
36  EUR_USD  03:40 AM  1.04213  1.041984  1.041854   15.193595  54.917939  0.000154   0.000162      False         False         False  0.0  0.0  0.00016  0.000281  1.04213       0
37  EUR_USD  03:45 AM  1.04238  1.042022  1.041875  199.537357  59.762885  0.000164   0.000162      False         False         False  0.0  0.0  0.00015  0.000476  1.04238       0
38  EUR_USD  03:50 AM  1.04200  1.042019  1.041880  316.487545  50.822268  0.000141   0.000158       True         False         False  0.0  0.0  0.00017  0.000052  1.04200       0
2025-01-30 04:00:10 CandleManager() new candle:last_candle:25-01-30 08:55 is_ready:True
2025-01-30 04:00:10 tech_manager: max_rows:40 candle_time:2025-01-30 08:55:00+00:00 granularity:M5
2025-01-30 04:00:10 process_candles:
       PAIR      time    mid_c    EMA_20    EMA_50      ADX_14     RSI_14      MACD  SIGNAL_MD  ENGULFING  PIN_BAR_BULL  PIN_BAR_BEAR   SL   TP   SPREAD      GAIN     LOSS  SIGNAL
34  EUR_USD  03:35 AM  1.04193  1.041968  1.041841  279.090842  50.507883  0.000163   0.000168      False         False         False  0.0  0.0  0.00016  0.000120  1.04193       0
35  EUR_USD  03:40 AM  1.04213  1.041984  1.041852  -21.399911  54.936301  0.000154   0.000165      False         False         False  0.0  0.0  0.00016  0.000281  1.04213       0
36  EUR_USD  03:45 AM  1.04238  1.042021  1.041873  161.330941  59.780719  0.000164   0.000165      False         False         False  0.0  0.0  0.00015  0.000476  1.04238       0
37  EUR_USD  03:50 AM  1.04200  1.042019  1.041878  274.270432  50.835165  0.000141   0.000160       True         False         False  0.0  0.0  0.00017  0.000052  1.04200       0
38  EUR_USD  03:55 AM  1.04218  1.042035  1.041890  459.461255  54.321965  0.000135   0.000154      False         False         False  0.0  0.0  0.00017  0.000189  1.04218       0
2025-01-30 04:05:13 CandleManager() new candle:last_candle:25-01-30 09:00 is_ready:True
2025-01-30 04:05:14 tech_manager: max_rows:40 candle_time:2025-01-30 09:00:00+00:00 granularity:M5
2025-01-30 04:05:14 process_candles:
       PAIR      time    mid_c    EMA_20    EMA_50      ADX_14     RSI_14          MACD  SIGNAL_MD  ENGULFING  PIN_BAR_BULL  PIN_BAR_BEAR   SL   TP   SPREAD      GAIN     LOSS  SIGNAL
34  EUR_USD  03:40 AM  1.04213  1.041988  1.041891   57.161710  54.675169  1.535126e-04   0.000168      False         False         False  0.0  0.0  0.00016  0.000281  1.04213       0
35  EUR_USD  03:45 AM  1.04238  1.042026  1.041911  241.740980  59.572843  1.632083e-04   0.000167      False         False         False  0.0  0.0  0.00015  0.000476  1.04238       0
36  EUR_USD  03:50 AM  1.04200  1.042023  1.041914  364.405305  50.619245  1.402145e-04   0.000161       True         False         False  0.0  0.0  0.00017  0.000052  1.04200       0
37  EUR_USD  03:55 AM  1.04218  1.042038  1.041925  574.462079  54.135644  1.342612e-04   0.000155      False         False         False  0.0  0.0  0.00017  0.000189  1.04218       0
38  EUR_USD  04:00 AM  1.04050  1.041892  1.041869  530.198770  31.552159  1.696947e-07   0.000123       True         False         False  0.0  0.0  0.00015  0.001477  1.04050       0
2025-01-30 04:10:17 CandleManager() new candle:last_candle:25-01-30 09:05 is_ready:True
2025-01-30 04:10:18 tech_manager: max_rows:40 candle_time:2025-01-30 09:05:00+00:00 granularity:M5
2025-01-30 04:10:18 process_candles:
       PAIR      time    mid_c    EMA_20    EMA_50      ADX_14     RSI_14          MACD  SIGNAL_MD  ENGULFING  PIN_BAR_BULL  PIN_BAR_BEAR   SL   TP   SPREAD      GAIN     LOSS  SIGNAL
34  EUR_USD  03:45 AM  1.04238  1.042030  1.041950  335.044486  59.346560  1.635703e-04   0.000169      False         False         False  0.0  0.0  0.00015  0.000476  1.04238       0
35  EUR_USD  03:50 AM  1.04200  1.042028  1.041952  475.413537  50.384586  1.405254e-04   0.000163       True         False         False  0.0  0.0  0.00017  0.000052  1.04200       0
36  EUR_USD  03:55 AM  1.04218  1.042042  1.041961  736.391030  53.933283  1.344748e-04   0.000157      False         False         False  0.0  0.0  0.00017  0.000189  1.04218       0
37  EUR_USD  04:00 AM  1.04050  1.041895  1.041904  690.669299  31.376464  7.848613e-07   0.000124       True         False         False  0.0  0.0  0.00015  0.001477  1.04050       0
38  EUR_USD  04:05 AM  1.04060  1.041772  1.041853  654.860441  33.168223 -9.623898e-05   0.000078      False         False         False  0.0  0.0  0.00017  0.001340  1.04060       0
