2025-01-30 03:26:12 LogWrapper init() ./logs/GBP_JPY.log
2025-01-30 03:26:12 {'pair': 'GBP_JPY', 'n_ma': 20, 'n_std': 2.0, 'maxspread': 0.035, 'mingain': 0.4, 'riskreward': 2.0, 'atr_multiplier': 0.6, 'atr_period': 14, 'atr_threshold': 0.04, 'rsi_period': 14, 'rsi_overbought': 75, 'rsi_oversold': 25}
2025-01-30 03:26:13 CandleManager() init last_candle:last_candle:25-01-30 08:20 is_ready:False
2025-01-30 03:30:15 CandleManager() new candle:last_candle:25-01-30 08:25 is_ready:True
2025-01-30 03:30:16 tech_manager: max_rows:40 candle_time:2025-01-30 08:25:00+00:00 granularity:M5
2025-01-30 03:30:16 process_candles:
       PAIR      time    mid_c      EMA_20      EMA_50      ADX_14     RSI_14      MACD  SIGNAL_MD  ENGULFING  PIN_BAR_BULL  PIN_BAR_BEAR   SL   TP  SPREAD      GAIN     LOSS  SIGNAL
34  GBP_JPY  03:05 AM  192.589  192.297219  192.294546  530.944339  67.966859  0.053440   0.012764      False         False         False  0.0  0.0   0.032  0.368717  192.589       0
35  GBP_JPY  03:10 AM  192.461  192.312817  192.301073  567.232752  58.949816  0.058562   0.022784      False         False         False  0.0  0.0   0.036  0.232383  192.461       0
36  GBP_JPY  03:15 AM  192.507  192.331311  192.309149  603.366558  60.954608  0.065370   0.031930      False         False         False  0.0  0.0   0.030  0.267083  192.507       0
37  GBP_JPY  03:20 AM  192.495  192.346900  192.316437  699.904345  60.129614  0.069036   0.039783      False         False         False  0.0  0.0   0.038  0.239967  192.495       0
38  GBP_JPY  03:25 AM  192.424  192.354243  192.320655  803.507973  55.355764  0.065707   0.045206      False         False         False  0.0  0.0   0.028  0.153367  192.424       0
2025-01-30 03:35:20 CandleManager() new candle:last_candle:25-01-30 08:30 is_ready:True
2025-01-30 03:35:20 tech_manager: max_rows:40 candle_time:2025-01-30 08:30:00+00:00 granularity:M5
2025-01-30 03:35:20 process_candles:
       PAIR      time    mid_c      EMA_20      EMA_50       ADX_14     RSI_14      MACD  SIGNAL_MD  ENGULFING  PIN_BAR_BULL  PIN_BAR_BEAR   SL   TP  SPREAD      GAIN     LOSS  SIGNAL
34  GBP_JPY  03:10 AM  192.461  192.313540  192.306991  7823.003047  58.867464  0.058926   0.025086      False         False         False  0.0  0.0   0.036  0.232383  192.461       0
35  GBP_JPY  03:15 AM  192.507  192.331964  192.314834  7857.259549  60.880111  0.065633   0.033958      False         False         False  0.0  0.0   0.030  0.267083  192.507       0
36  GBP_JPY  03:20 AM  192.495  192.347492  192.321899  7935.492063  60.054574  0.069219   0.041530      False         False         False  0.0  0.0   0.038  0.239967  192.495       0
37  GBP_JPY  03:25 AM  192.424  192.354778  192.325903  8021.011280  55.278422  0.065844   0.046676      False         False         False  0.0  0.0   0.028  0.153367  192.424       0
38  GBP_JPY  03:30 AM  192.412  192.360228  192.329280  4153.190495  54.489646  0.061534   0.049784      False         False          True  0.0  0.0   0.029  0.123117  192.412       0
2025-01-30 03:40:24 CandleManager() new candle:last_candle:25-01-30 08:35 is_ready:True
2025-01-30 03:40:24 tech_manager: max_rows:40 candle_time:2025-01-30 08:35:00+00:00 granularity:M5
2025-01-30 03:40:25 process_candles:
       PAIR      time    mid_c      EMA_20      EMA_50       ADX_14     RSI_14      MACD  SIGNAL_MD  ENGULFING  PIN_BAR_BULL  PIN_BAR_BEAR   SL   TP  SPREAD      GAIN     LOSS  SIGNAL
34  GBP_JPY  03:15 AM  192.507  192.331121  192.307931  7857.259549  61.026403  0.066039   0.036554      False         False         False  0.0  0.0   0.030  0.267083  192.507       0
35  GBP_JPY  03:20 AM  192.495  192.346729  192.315267  7935.492063  60.196921  0.069529   0.043769      False         False         False  0.0  0.0   0.038  0.239967  192.495       0
36  GBP_JPY  03:25 AM  192.424  192.354088  192.319531  8021.011280  55.399004  0.066097   0.048564      False         False         False  0.0  0.0   0.028  0.153367  192.424       0
37  GBP_JPY  03:30 AM  192.412  192.359603  192.323157  4153.190495  54.606808  0.061742   0.051353      False         False          True  0.0  0.0   0.029  0.123117  192.412       0
38  GBP_JPY  03:35 AM  192.417  192.365070  192.326837   285.369711  54.896221  0.058005   0.052744      False         False         False  0.0  0.0   0.032  0.111517  192.417       0
2025-01-30 03:45:28 CandleManager() new candle:last_candle:25-01-30 08:40 is_ready:True
2025-01-30 03:45:28 tech_manager: max_rows:40 candle_time:2025-01-30 08:40:00+00:00 granularity:M5
2025-01-30 03:45:29 process_candles:
       PAIR      time    mid_c      EMA_20      EMA_50      ADX_14     RSI_14      MACD  SIGNAL_MD  ENGULFING  PIN_BAR_BULL  PIN_BAR_BEAR   SL   TP  SPREAD      GAIN     LOSS  SIGNAL
34  GBP_JPY  03:20 AM  192.495  192.343868  192.291844  319.152511  60.722822  0.069730   0.046344      False         False         False  0.0  0.0   0.038  0.239967  192.495       0
35  GBP_JPY  03:25 AM  192.424  192.351500  192.297027  440.838086  55.844104  0.066245   0.050698      False         False         False  0.0  0.0   0.028  0.153367  192.424       0
36  GBP_JPY  03:30 AM  192.412  192.357262  192.301536  309.916189  55.039219  0.061850   0.053093      False         False          True  0.0  0.0   0.029  0.123117  192.412       0
37  GBP_JPY  03:35 AM  192.417  192.362951  192.306064  178.994291  55.328130  0.058079   0.054148      False         False         False  0.0  0.0   0.032  0.111517  192.417       0
38  GBP_JPY  03:40 AM  192.446  192.370861  192.311551  370.134025  57.051928  0.056669   0.054676      False         False         False  0.0  0.0   0.029  0.123100  192.446       0
2025-01-30 03:50:02 CandleManager() new candle:last_candle:25-01-30 08:45 is_ready:True
2025-01-30 03:50:02 tech_manager: max_rows:40 candle_time:2025-01-30 08:45:00+00:00 granularity:M5
2025-01-30 03:50:02 process_candles:
       PAIR      time    mid_c      EMA_20      EMA_50      ADX_14     RSI_14      MACD  SIGNAL_MD  ENGULFING  PIN_BAR_BULL  PIN_BAR_BEAR   SL   TP  SPREAD      GAIN     LOSS  SIGNAL
34  GBP_JPY  03:25 AM  192.424  192.348700  192.274098  104.188692  56.321161  0.065940   0.052568      False         False         False  0.0  0.0   0.028  0.153367  192.424       0
35  GBP_JPY  03:30 AM  192.412  192.354728  192.279506   42.435464  55.502567  0.061535   0.054530      False         False          True  0.0  0.0   0.029  0.123117  192.412       0
36  GBP_JPY  03:35 AM  192.417  192.360659  192.284898  -19.317764  55.790892  0.057759   0.055223      False         False         False  0.0  0.0   0.032  0.111517  192.417       0
37  GBP_JPY  03:40 AM  192.446  192.368787  192.291215  336.226891  57.510547  0.056339   0.055459      False         False         False  0.0  0.0   0.029  0.123100  192.446       0
38  GBP_JPY  03:45 AM  192.524  192.383569  192.300344  316.822687  61.813090  0.060519   0.056518      False         False         False  0.0  0.0   0.035  0.179367  192.524       0
2025-01-30 03:55:06 CandleManager() new candle:last_candle:25-01-30 08:50 is_ready:True
2025-01-30 03:55:06 tech_manager: max_rows:40 candle_time:2025-01-30 08:50:00+00:00 granularity:M5
2025-01-30 03:55:06 process_candles:
       PAIR      time    mid_c      EMA_20      EMA_50      ADX_14     RSI_14      MACD  SIGNAL_MD  ENGULFING  PIN_BAR_BULL  PIN_BAR_BEAR   SL   TP  SPREAD      GAIN     LOSS  SIGNAL
34  GBP_JPY  03:30 AM  192.412  192.358131  192.307366  250.678622  55.006934  0.060737   0.055533      False         False          True  0.0  0.0   0.029  0.123117  192.412       0
35  GBP_JPY  03:35 AM  192.417  192.363737  192.311665  150.814656  55.301696  0.056988   0.055851      False         False         False  0.0  0.0   0.032  0.111517  192.417       0
36  GBP_JPY  03:40 AM  192.446  192.371572  192.316933  352.286204  57.058862  0.055589   0.055795      False         False         False  0.0  0.0   0.029  0.123100  192.446       0
37  GBP_JPY  03:45 AM  192.524  192.386089  192.325054  326.045386  61.448643  0.059771   0.056636      False         False         False  0.0  0.0   0.035  0.179367  192.524       0
38  GBP_JPY  03:50 AM  192.462  192.393319  192.330424  321.927918  56.504049  0.057638   0.056846      False         False         False  0.0  0.0   0.037  0.099867  192.462       0
2025-01-30 04:00:10 CandleManager() new candle:last_candle:25-01-30 08:55 is_ready:True
2025-01-30 04:00:10 tech_manager: max_rows:40 candle_time:2025-01-30 08:55:00+00:00 granularity:M5
2025-01-30 04:00:10 process_candles:
       PAIR      time    mid_c      EMA_20      EMA_50      ADX_14     RSI_14      MACD  SIGNAL_MD  ENGULFING  PIN_BAR_BULL  PIN_BAR_BEAR   SL   TP  SPREAD      GAIN     LOSS  SIGNAL
34  GBP_JPY  03:35 AM  192.417  192.365634  192.327198  212.656624  55.002742  0.056712   0.057128      False         False         False  0.0  0.0   0.032  0.111517  192.417       0
35  GBP_JPY  03:40 AM  192.446  192.373288  192.331857  369.887461  56.783024  0.055295   0.056727      False         False         False  0.0  0.0   0.029  0.123100  192.446       0
36  GBP_JPY  03:45 AM  192.524  192.387642  192.339392  335.062474  61.226464  0.059442   0.057310      False         False         False  0.0  0.0   0.035  0.179367  192.524       0
37  GBP_JPY  03:50 AM  192.462  192.394723  192.344200  329.271842  56.273652  0.057302   0.057308      False         False         False  0.0  0.0   0.037  0.099867  192.462       0
38  GBP_JPY  03:55 AM  192.409  192.396083  192.346741  438.016838  52.373403  0.050934   0.055975      False         False         False  0.0  0.0   0.040  0.031967  192.409       0
2025-01-30 04:05:14 CandleManager() new candle:last_candle:25-01-30 09:00 is_ready:True
2025-01-30 04:05:14 tech_manager: max_rows:40 candle_time:2025-01-30 09:00:00+00:00 granularity:M5
2025-01-30 04:05:14 process_candles:
       PAIR      time    mid_c      EMA_20      EMA_50      ADX_14     RSI_14      MACD  SIGNAL_MD  ENGULFING  PIN_BAR_BULL  PIN_BAR_BEAR   SL   TP  SPREAD      GAIN     LOSS  SIGNAL
34  GBP_JPY  03:40 AM  192.446  192.374854  192.344677  376.623573  56.534842  0.055289   0.057977      False         False         False  0.0  0.0   0.029  0.123100  192.446       0
35  GBP_JPY  03:45 AM  192.524  192.389058  192.351710  338.219712  61.026811  0.059376   0.058283      False         False         False  0.0  0.0   0.035  0.179367  192.524       0
36  GBP_JPY  03:50 AM  192.462  192.396005  192.356035  331.803331  56.066796  0.057207   0.058052      False         False         False  0.0  0.0   0.037  0.099867  192.462       0
37  GBP_JPY  03:55 AM  192.409  192.397243  192.358112  444.043248  52.163781  0.050833   0.056524      False         False         False  0.0  0.0   0.040  0.031967  192.409       0
38  GBP_JPY  04:00 AM  192.307  192.388648  192.356108  -10.848884  45.586588  0.037496   0.052544      False         False         False  0.0  0.0   0.036  0.078733  192.307       0
2025-01-30 04:10:18 CandleManager() new candle:last_candle:25-01-30 09:05 is_ready:True
2025-01-30 04:10:18 tech_manager: max_rows:40 candle_time:2025-01-30 09:05:00+00:00 granularity:M5
2025-01-30 04:10:18 process_candles:
       PAIR      time    mid_c      EMA_20      EMA_50      ADX_14     RSI_14      MACD  SIGNAL_MD  ENGULFING  PIN_BAR_BULL  PIN_BAR_BEAR   SL   TP  SPREAD      GAIN     LOSS  SIGNAL
34  GBP_JPY  03:45 AM  192.524  192.386228  192.328534  316.632776  61.644750  0.059562   0.059571      False         False         False  0.0  0.0   0.035  0.179367  192.524       0
35  GBP_JPY  03:50 AM  192.462  192.393444  192.333768  313.726485  56.587941  0.057344   0.059084      False         False         False  0.0  0.0   0.037  0.099867  192.462       0
36  GBP_JPY  03:55 AM  192.409  192.394926  192.336718  411.432544  52.614602  0.050946   0.057336      False         False         False  0.0  0.0   0.040  0.031967  192.409       0
37  GBP_JPY  04:00 AM  192.307  192.386552  192.335553 -323.650818  45.930515  0.037618   0.053163      False         False         False  0.0  0.0   0.036  0.078733  192.307       0
38  GBP_JPY  04:05 AM  192.207  192.369452  192.330511 -378.668636  40.498520  0.019142   0.046046      False         False         False  0.0  0.0   0.038  0.183917  192.207       0
