2025-07-28 21:14:04 LogWrapper init() ./logs/PriceStreamer.log
2025-07-28 21:14:15 
2025-07-28 21:14:15 
  instrument                             time        ask        bid
0    USD_JPY 2025-07-29 01:14:14.863088+00:00  148.57600  148.55900
1    GBP_USD 2025-07-29 01:14:14.273798+00:00    1.33515    1.33495
2025-07-28 21:14:45 
2025-07-28 21:14:45 
  instrument                             time        ask        bid
0    USD_JPY 2025-07-29 01:14:45.016790+00:00  148.57700  148.56100
1    GBP_USD 2025-07-29 01:14:44.812587+00:00    1.33517    1.33496
2025-07-28 21:15:16 
2025-07-28 21:15:16 
  instrument                             time        ask        bid
0    USD_JPY 2025-07-29 01:15:16.725318+00:00  148.56700  148.54900
1    GBP_USD 2025-07-29 01:15:13.195593+00:00    1.33509    1.33488
2025-07-28 21:15:47 
2025-07-28 21:15:47 
  instrument                             time        ask        bid
0    USD_JPY 2025-07-29 01:15:44.587977+00:00  148.56600  148.54800
1    GBP_USD 2025-07-22025-07-28 21:15:49 
2025-07-28 21:15:49 
  instrument                             time        ask        bid
0    EUR_USD 2025-07-29 01:15:49.109197+00:00    1.15897    1.15881
1    USD_JPY 2025-07-29 01:15:44.587977+00:00  148.56600  148.54800
2    GBP_JPY 2025-07-29 01:15:44.281271+00:00  198.36700  198.33100
