2025-01-30 03:26:12 LogWrapper init() ./logs/USD_CAD.log
2025-01-30 03:26:12 {'pair': 'USD_CAD', 'n_ma': 20, 'n_std': 2.0, 'maxspread': 0.0002, 'mingain': 0.0015, 'riskreward': 2.0, 'atr_multiplier': 1.1, 'atr_period': 14, 'atr_threshold': 0.0004, 'rsi_period': 14, 'rsi_overbought': 68, 'rsi_oversold': 32}
2025-01-30 03:26:13 CandleManager() init last_candle:last_candle:25-01-30 08:20 is_ready:False
2025-01-30 03:30:15 CandleManager() new candle:last_candle:25-01-30 08:25 is_ready:True
2025-01-30 03:30:16 tech_manager: max_rows:40 candle_time:2025-01-30 08:25:00+00:00 granularity:M5
2025-01-30 03:30:16 process_candles:
       PAIR      time    mid_c    EMA_20    EMA_50      ADX_14     RSI_14      MACD  SIGNAL_MD  ENGULFING  PIN_BAR_BULL  PIN_BAR_BEAR   SL   TP   SPREAD      GAIN     LOSS  SIGNAL
34  USD_CAD  03:05 AM  1.44154  1.442461  1.442507  286.597757  28.975717 -0.000255  -0.000100      False         False         False  0.0  0.0  0.00021  0.001243  1.44154       0
35  USD_CAD  03:10 AM  1.44181  1.442399  1.442480  252.276933  36.400273 -0.000270  -0.000137       True         False         False  0.0  0.0  0.00016  0.000903  1.44181       0
36  USD_CAD  03:15 AM  1.44120  1.442285  1.442430  222.938980  29.019467 -0.000325  -0.000177       True         False         False  0.0  0.0  0.00017  0.001431  1.44120       0
37  USD_CAD  03:20 AM  1.44119  1.442180  1.442381  191.247387  28.915955 -0.000364  -0.000217      False         False          True  0.0  0.0  0.00020  0.001362  1.44119       0
38  USD_CAD  03:25 AM  1.44134  1.442100  1.442340  159.555795  32.788712 -0.000380  -0.000251       True         False         False  0.0  0.0  0.00021  0.001130  1.44134       0
2025-01-30 03:35:20 CandleManager() new candle:last_candle:25-01-30 08:30 is_ready:True
2025-01-30 03:35:20 tech_manager: max_rows:40 candle_time:2025-01-30 08:30:00+00:00 granularity:M5
2025-01-30 03:35:20 process_candles:
       PAIR      time    mid_c    EMA_20    EMA_50      ADX_14     RSI_14      MACD  SIGNAL_MD  ENGULFING  PIN_BAR_BULL  PIN_BAR_BEAR   SL   TP   SPREAD      GAIN     LOSS  SIGNAL
34  USD_CAD  03:10 AM  1.44181  1.442399  1.442483  252.276933  36.380448 -0.000271  -0.000148       True         False         False  0.0  0.0  0.00016  0.000903  1.44181       0
35  USD_CAD  03:15 AM  1.44120  1.442285  1.442432  222.938980  29.001829 -0.000325  -0.000187       True         False         False  0.0  0.0  0.00017  0.001431  1.44120       0
36  USD_CAD  03:20 AM  1.44119  1.442181  1.442384  191.247387  28.898354 -0.000365  -0.000225      False         False          True  0.0  0.0  0.00020  0.001362  1.44119       0
37  USD_CAD  03:25 AM  1.44134  1.442101  1.442343  159.555795  32.772977 -0.000380  -0.000258       True         False         False  0.0  0.0  0.00021  0.001130  1.44134       0
38  USD_CAD  03:30 AM  1.44110  1.442005  1.442294  129.281551  29.959822 -0.000405  -0.000289       True         False         False  0.0  0.0  0.00022  0.001285  1.44110       0
2025-01-30 03:40:24 CandleManager() new candle:last_candle:25-01-30 08:35 is_ready:True
2025-01-30 03:40:24 tech_manager: max_rows:40 candle_time:2025-01-30 08:35:00+00:00 granularity:M5
2025-01-30 03:40:24 process_candles:
       PAIR      time    mid_c    EMA_20    EMA_50      ADX_14     RSI_14      MACD  SIGNAL_MD  ENGULFING  PIN_BAR_BULL  PIN_BAR_BEAR   SL   TP   SPREAD      GAIN     LOSS  SIGNAL
34  USD_CAD  03:15 AM  1.44120  1.442282  1.442408  154.918337  29.079648 -0.000326  -0.000198       True         False         False  0.0  0.0  0.00017  0.001432  1.44120       0
35  USD_CAD  03:20 AM  1.44119  1.442178  1.442360  123.626766  28.975618 -0.000365  -0.000235      False         False          True  0.0  0.0  0.00020  0.001362  1.44119       0
36  USD_CAD  03:25 AM  1.44134  1.442098  1.442320   92.335195  32.855813 -0.000380  -0.000266       True         False         False  0.0  0.0  0.00021  0.001130  1.44134       0
37  USD_CAD  03:30 AM  1.44110  1.442003  1.442272   62.328001  30.029033 -0.000405  -0.000295       True         False         False  0.0  0.0  0.00022  0.001285  1.44110       0
38  USD_CAD  03:35 AM  1.44115  1.441922  1.442228   30.466469  31.354100 -0.000416  -0.000321      False         False         False  0.0  0.0  0.00020  0.001140  1.44115       0
2025-01-30 03:45:28 CandleManager() new candle:last_candle:25-01-30 08:40 is_ready:True
2025-01-30 03:45:28 tech_manager: max_rows:40 candle_time:2025-01-30 08:40:00+00:00 granularity:M5
2025-01-30 03:45:28 process_candles:
       PAIR      time    mid_c    EMA_20    EMA_50      ADX_14     RSI_14      MACD  SIGNAL_MD  ENGULFING  PIN_BAR_BULL  PIN_BAR_BEAR   SL   TP   SPREAD      GAIN     LOSS  SIGNAL
34  USD_CAD  03:20 AM  1.44119  1.442181  1.442385  216.848792  28.770526 -0.000366  -0.000247      False         False          True  0.0  0.0  0.00020  0.001362  1.44119       0
35  USD_CAD  03:25 AM  1.44134  1.442101  1.442344  185.484474  32.672547 -0.000380  -0.000276       True         False         False  0.0  0.0  0.00021  0.001130  1.44134       0
36  USD_CAD  03:30 AM  1.44110  1.442005  1.442295  155.489306  29.854523 -0.000405  -0.000304       True         False         False  0.0  0.0  0.00022  0.001285  1.44110       0
37  USD_CAD  03:35 AM  1.44115  1.441924  1.442250  123.553856  31.186145 -0.000416  -0.000327      False         False         False  0.0  0.0  0.00020  0.001140  1.44115       0
38  USD_CAD  03:40 AM  1.44119  1.441854  1.442208 -284.619376  32.293499 -0.000417  -0.000346      False         False         False  0.0  0.0  0.00018  0.001003  1.44119       0
2025-01-30 03:50:02 CandleManager() new candle:last_candle:25-01-30 08:45 is_ready:True
2025-01-30 03:50:02 tech_manager: max_rows:40 candle_time:2025-01-30 08:45:00+00:00 granularity:M5
2025-01-30 03:50:02 process_candles:
       PAIR      time    mid_c    EMA_20    EMA_50      ADX_14     RSI_14      MACD  SIGNAL_MD  ENGULFING  PIN_BAR_BULL  PIN_BAR_BEAR   SL   TP   SPREAD      GAIN     LOSS  SIGNAL
34  USD_CAD  03:25 AM  1.44134  1.442100  1.442341  185.484474  32.682153 -0.000380  -0.000286       True         False         False  0.0  0.0  0.00021  0.001130  1.44134       0
35  USD_CAD  03:30 AM  1.44110  1.442005  1.442292  155.489306  29.862544 -0.000405  -0.000312       True         False         False  0.0  0.0  0.00022  0.001284  1.44110       0
36  USD_CAD  03:35 AM  1.44115  1.441924  1.442248  123.553856  31.194364 -0.000416  -0.000335      False         False         False  0.0  0.0  0.00020  0.001140  1.44115       0
37  USD_CAD  03:40 AM  1.44119  1.441854  1.442206 -284.619376  32.301873 -0.000416  -0.000352      False         False         False  0.0  0.0  0.00018  0.001003  1.44119       0
38  USD_CAD  03:45 AM  1.44089  1.441762  1.442155 -236.723409  28.585534 -0.000435  -0.000369       True         False         False  0.0  0.0  0.00020  0.001191  1.44089       0
2025-01-30 03:55:06 CandleManager() new candle:last_candle:25-01-30 08:50 is_ready:True
2025-01-30 03:55:06 tech_manager: max_rows:40 candle_time:2025-01-30 08:50:00+00:00 granularity:M5
2025-01-30 03:55:06 process_candles:
       PAIR      time    mid_c    EMA_20    EMA_50       ADX_14     RSI_14      MACD  SIGNAL_MD  ENGULFING  PIN_BAR_BULL  PIN_BAR_BEAR   SL   TP   SPREAD      GAIN     LOSS  SIGNAL
34  USD_CAD  03:30 AM  1.44110  1.442009  1.442324  1540.788357  29.597744 -0.000405  -0.000321       True         False         False  0.0  0.0  0.00022  0.001285  1.44110       0
35  USD_CAD  03:35 AM  1.44115  1.441927  1.442278  1508.860977  30.939544 -0.000415  -0.000342      False         False         False  0.0  0.0  0.00020  0.001140  1.44115       0
36  USD_CAD  03:40 AM  1.44119  1.441857  1.442236  -268.610208  32.055204 -0.000415  -0.000358      False         False         False  0.0  0.0  0.00018  0.001003  1.44119       0
37  USD_CAD  03:45 AM  1.44089  1.441765  1.442183  -230.889479  28.355358 -0.000434  -0.000374       True         False         False  0.0  0.0  0.00020  0.001190  1.44089       0
38  USD_CAD  03:50 AM  1.44109  1.441701  1.442140  -233.835148  33.837969 -0.000428  -0.000385      False         False         False  0.0  0.0  0.00020  0.000878  1.44109       0
2025-01-30 04:00:10 CandleManager() new candle:last_candle:25-01-30 08:55 is_ready:True
2025-01-30 04:00:10 tech_manager: max_rows:40 candle_time:2025-01-30 08:55:00+00:00 granularity:M5
2025-01-30 04:00:10 process_candles:
       PAIR      time    mid_c    EMA_20    EMA_50        ADX_14     RSI_14      MACD  SIGNAL_MD  ENGULFING  PIN_BAR_BULL  PIN_BAR_BEAR   SL   TP   SPREAD      GAIN     LOSS  SIGNAL
34  USD_CAD  03:35 AM  1.44115  1.441929  1.442296 -16078.268088  30.790912 -0.000414  -0.000349      False         False         False  0.0  0.0  0.00020  0.001140  1.44115       0
35  USD_CAD  03:40 AM  1.44119  1.441859  1.442252   -264.970513  31.911341 -0.000414  -0.000363      False         False         False  0.0  0.0  0.00018  0.001003  1.44119       0
36  USD_CAD  03:45 AM  1.44089  1.441767  1.442199   -229.564995  28.221202 -0.000432  -0.000378       True         False         False  0.0  0.0  0.00020  0.001190  1.44089       0
37  USD_CAD  03:50 AM  1.44109  1.441702  1.442155   -232.609643  33.723576 -0.000426  -0.000388      False         False         False  0.0  0.0  0.00020  0.000878  1.44109       0
38  USD_CAD  03:55 AM  1.44079  1.441615  1.442102   -242.748934  30.007690 -0.000439  -0.000399       True         False         False  0.0  0.0  0.00024  0.001057  1.44079       0
2025-01-30 04:05:13 CandleManager() new candle:last_candle:25-01-30 09:00 is_ready:True
2025-01-30 04:05:14 tech_manager: max_rows:40 candle_time:2025-01-30 09:00:00+00:00 granularity:M5
2025-01-30 04:05:14 process_candles:
       PAIR      time    mid_c    EMA_20    EMA_50      ADX_14     RSI_14      MACD  SIGNAL_MD  ENGULFING  PIN_BAR_BULL  PIN_BAR_BEAR   SL   TP   SPREAD      GAIN     LOSS  SIGNAL
34  USD_CAD  03:40 AM  1.44119  1.441855  1.442223 -263.212820  32.036571 -0.000412  -0.000368      False         False         False  0.0  0.0  0.00018  0.001003  1.44119       0
35  USD_CAD  03:45 AM  1.44089  1.441763  1.442170 -228.440108  28.319100 -0.000430  -0.000382       True         False         False  0.0  0.0  0.00020  0.001190  1.44089       0
36  USD_CAD  03:50 AM  1.44109  1.441699  1.442128 -231.571452  33.831565 -0.000423  -0.000391      False         False         False  0.0  0.0  0.00020  0.000878  1.44109       0
37  USD_CAD  03:55 AM  1.44079  1.441613  1.442076 -241.766523  30.093161 -0.000436  -0.000400       True         False         False  0.0  0.0  0.00024  0.001057  1.44079       0
38  USD_CAD  04:00 AM  1.44164  1.441615  1.442059 -364.691853  47.720231 -0.000377  -0.000395       True         False         False  0.0  0.0  0.00020  0.000097  1.44164       0
2025-01-30 04:10:17 CandleManager() new candle:last_candle:25-01-30 09:05 is_ready:True
2025-01-30 04:10:18 tech_manager: max_rows:40 candle_time:2025-01-30 09:05:00+00:00 granularity:M5
2025-01-30 04:10:18 process_candles:
       PAIR      time    mid_c    EMA_20    EMA_50      ADX_14     RSI_14      MACD  SIGNAL_MD  ENGULFING  PIN_BAR_BULL  PIN_BAR_BEAR   SL   TP   SPREAD      GAIN     LOSS  SIGNAL
34  USD_CAD  03:45 AM  1.44089  1.441768  1.442205 -228.440108  28.005317 -0.000428  -0.000386       True         False         False  0.0  0.0  0.00020  0.001190  1.44089       0
35  USD_CAD  03:50 AM  1.44109  1.441703  1.442161 -231.571452  33.564278 -0.000421  -0.000394      False         False         False  0.0  0.0  0.00020  0.000878  1.44109       0
36  USD_CAD  03:55 AM  1.44079  1.441616  1.442108 -241.766523  29.842089 -0.000434  -0.000402       True         False         False  0.0  0.0  0.00024  0.001057  1.44079       0
37  USD_CAD  04:00 AM  1.44164  1.441618  1.442089 -364.691853  47.579938 -0.000375  -0.000397       True         False         False  0.0  0.0  0.00020  0.000097  1.44164       0
38  USD_CAD  04:05 AM  1.44116  1.441575  1.442053 -502.038804  41.239178 -0.000361  -0.000389      False         False         False  0.0  0.0  0.00020  0.000470  1.44116       0
