2025-01-30 03:26:12 LogWrapper init() ./logs/USD_JPY.log
2025-01-30 03:26:12 {'pair': 'USD_JPY', 'n_ma': 20, 'n_std': 2.0, 'maxspread': 0.035, 'mingain': 0.3, 'riskreward': 2.0, 'atr_multiplier': 0.6, 'atr_period': 14, 'atr_threshold': 0.04, 'rsi_period': 14, 'rsi_overbought': 73, 'rsi_oversold': 27}
2025-01-30 03:26:13 CandleManager() init last_candle:last_candle:25-01-30 08:20 is_ready:False
2025-01-30 03:30:15 CandleManager() new candle:last_candle:25-01-30 08:25 is_ready:True
2025-01-30 03:30:16 tech_manager: max_rows:40 candle_time:2025-01-30 08:25:00+00:00 granularity:M5
2025-01-30 03:30:16 process_candles:
       PAIR      time    mid_c      EMA_20      EMA_50       ADX_14     RSI_14      MACD  SIGNAL_MD  ENGULFING  PIN_BAR_BULL  PIN_BAR_BEAR   SL   TP  SPREAD      GAIN     LOSS  SIGNAL
34  USD_JPY  03:05 AM  154.548  154.520965  154.535423  1348.889209  52.128774  0.001151  -0.004930      False         False         False  0.0  0.0   0.020  0.044267  154.548       0
35  USD_JPY  03:10 AM  154.508  154.519730  154.534348  1639.971537  48.654118  0.000061  -0.003838      False         False         False  0.0  0.0   0.016  0.010300  154.508       0
36  USD_JPY  03:15 AM  154.581  154.525566  154.536177  1745.356831  54.601470  0.004722  -0.002000       True         False         False  0.0  0.0   0.020  0.084850  154.581       0
37  USD_JPY  03:20 AM  154.598  154.532464  154.538602  1858.234625  55.883018  0.009604   0.000456      False         False         False  0.0  0.0   0.019  0.099250  154.598       0
38  USD_JPY  03:25 AM  154.566  154.535658  154.539676  1968.762734  52.858254  0.010878   0.002636       True         False         False  0.0  0.0   0.018  0.062483  154.566       0
2025-01-30 03:35:20 CandleManager() new candle:last_candle:25-01-30 08:30 is_ready:True
2025-01-30 03:35:20 tech_manager: max_rows:40 candle_time:2025-01-30 08:30:00+00:00 granularity:M5
2025-01-30 03:35:20 process_candles:
       PAIR      time    mid_c      EMA_20      EMA_50       ADX_14     RSI_14      MACD  SIGNAL_MD  ENGULFING  PIN_BAR_BULL  PIN_BAR_BEAR   SL   TP  SPREAD      GAIN     LOSS  SIGNAL
34  USD_JPY  03:10 AM  154.508  154.520604  154.541498 -1402.317270  48.453629  0.000322  -0.003214      False         False         False  0.0  0.0   0.016  0.010300  154.508       0
35  USD_JPY  03:15 AM  154.581  154.526356  154.543047 -1294.695911  54.444807  0.004943  -0.001429       True         False         False  0.0  0.0   0.020  0.084850  154.581       0
36  USD_JPY  03:20 AM  154.598  154.533179  154.545202 -1187.550353  55.735089  0.009786   0.000979      False         False         False  0.0  0.0   0.019  0.099250  154.598       0
37  USD_JPY  03:25 AM  154.566  154.536305  154.546018 -1089.609929  52.708766  0.011036   0.003108       True         False         False  0.0  0.0   0.018  0.062483  154.566       0
38  USD_JPY  03:30 AM  154.568  154.539323  154.546880  8542.042861  52.880972  0.012040   0.004976      False         False         False  0.0  0.0   0.020  0.055233  154.568       0
2025-01-30 03:40:24 CandleManager() new candle:last_candle:25-01-30 08:35 is_ready:True
2025-01-30 03:40:24 tech_manager: max_rows:40 candle_time:2025-01-30 08:35:00+00:00 granularity:M5
2025-01-30 03:40:24 process_candles:
       PAIR      time    mid_c      EMA_20      EMA_50        ADX_14     RSI_14      MACD  SIGNAL_MD  ENGULFING  PIN_BAR_BULL  PIN_BAR_BEAR   SL   TP  SPREAD      GAIN     LOSS  SIGNAL
34  USD_JPY  03:15 AM  154.581  154.525332  154.534664  19227.301570  54.683063  0.005326  -0.000534       True         False         False  0.0  0.0   0.020  0.084850  154.581       0
35  USD_JPY  03:20 AM  154.598  154.532253  154.537148  19334.478706  55.972053  0.010116   0.001796      False         False         False  0.0  0.0   0.019  0.099250  154.598       0
36  USD_JPY  03:25 AM  154.566  154.535467  154.538280  19432.800180  52.920647  0.011330   0.003844       True         False         False  0.0  0.0   0.018  0.062483  154.566       0
37  USD_JPY  03:30 AM  154.568  154.538565  154.539445   6139.489571  53.092768  0.012302   0.005634      False         False         False  0.0  0.0   0.020  0.055233  154.568       0
38  USD_JPY  03:35 AM  154.568  154.541368  154.540565   6292.390439  53.092768  0.012921   0.007158       True         False         False  0.0  0.0   0.020  0.047400  154.568       0
2025-01-30 03:45:28 CandleManager() new candle:last_candle:25-01-30 08:40 is_ready:True
2025-01-30 03:45:28 tech_manager: max_rows:40 candle_time:2025-01-30 08:40:00+00:00 granularity:M5
2025-01-30 03:45:28 process_candles:
       PAIR      time    mid_c      EMA_20      EMA_50       ADX_14     RSI_14      MACD  SIGNAL_MD  ENGULFING  PIN_BAR_BULL  PIN_BAR_BEAR   SL   TP  SPREAD      GAIN     LOSS  SIGNAL
34  USD_JPY  03:20 AM  154.598  154.529633  154.515698   811.331404  56.635598  0.010306   0.002603      False         False         False  0.0  0.0   0.019  0.099250  154.598       0
35  USD_JPY  03:25 AM  154.566  154.533097  154.517671   935.107838  53.513432  0.011494   0.004548       True         False         False  0.0  0.0   0.018  0.062483  154.566       0
36  USD_JPY  03:30 AM  154.568  154.536421  154.519644   815.240970  53.685282  0.012442   0.006243      False         False         False  0.0  0.0   0.020  0.055233  154.568       0
37  USD_JPY  03:35 AM  154.568  154.539428  154.521541  1194.589329  53.685282  0.013040   0.007682       True         False         False  0.0  0.0   0.020  0.047400  154.568       0
38  USD_JPY  03:40 AM  154.551  154.540530  154.522696  1326.873516  51.797635  0.012065   0.008599      False         False         False  0.0  0.0   0.018  0.024067  154.551       0
2025-01-30 03:50:02 CandleManager() new candle:last_candle:25-01-30 08:45 is_ready:True
2025-01-30 03:50:02 tech_manager: max_rows:40 candle_time:2025-01-30 08:45:00+00:00 granularity:M5
2025-01-30 03:50:02 process_candles:
       PAIR      time    mid_c      EMA_20      EMA_50       ADX_14     RSI_14      MACD  SIGNAL_MD  ENGULFING  PIN_BAR_BULL  PIN_BAR_BEAR   SL   TP  SPREAD      GAIN     LOSS  SIGNAL
34  USD_JPY  03:25 AM  154.566  154.531230  154.502385  2157.304936  53.977457  0.011243   0.004747       True         False         False  0.0  0.0   0.018  0.062483  154.566       0
35  USD_JPY  03:30 AM  154.568  154.534732  154.504958  2095.566740  54.149061  0.012196   0.006377      False         False         False  0.0  0.0   0.020  0.055233  154.568       0
36  USD_JPY  03:35 AM  154.568  154.537900  154.507430   876.372175  54.149061  0.012801   0.007757       True         False         False  0.0  0.0   0.020  0.047400  154.568       0
37  USD_JPY  03:40 AM  154.551  154.539148  154.509139  1020.532106  52.229242  0.011838   0.008620      False         False         False  0.0  0.0   0.018  0.024067  154.551       0
38  USD_JPY  03:45 AM  154.520  154.537324  154.509565  1120.565520  48.829476  0.008589   0.008614      False         False         False  0.0  0.0   0.015  0.011017  154.520       0
2025-01-30 03:55:06 CandleManager() new candle:last_candle:25-01-30 08:50 is_ready:True
2025-01-30 03:55:06 tech_manager: max_rows:40 candle_time:2025-01-30 08:50:00+00:00 granularity:M5
2025-01-30 03:55:06 process_candles:
       PAIR      time    mid_c      EMA_20      EMA_50       ADX_14     RSI_14      MACD  SIGNAL_MD  ENGULFING  PIN_BAR_BULL  PIN_BAR_BEAR   SL   TP  SPREAD      GAIN     LOSS  SIGNAL
34  USD_JPY  03:30 AM  154.568  154.537683  154.529120   962.358323  53.464744  0.011624   0.006183      False         False         False  0.0  0.0   0.020  0.055233  154.568       0
35  USD_JPY  03:35 AM  154.568  154.540570  154.530644  1250.826440  53.464744  0.012259   0.007513       True         False         False  0.0  0.0   0.020  0.047400  154.568       0
36  USD_JPY  03:40 AM  154.551  154.541563  154.531443  1376.462003  51.541914  0.011330   0.008332      False         False         False  0.0  0.0   0.018  0.024067  154.551       0
37  USD_JPY  03:45 AM  154.520  154.539510  154.530994  1487.579086  48.141800  0.008122   0.008288      False         False         False  0.0  0.0   0.015  0.011017  154.520       0
38  USD_JPY  03:50 AM  154.535  154.539080  154.531151  1598.696168  49.865201  0.006660   0.007947      False         False         False  0.0  0.0   0.016  0.001600  154.535       0
2025-01-30 04:00:10 CandleManager() new candle:last_candle:25-01-30 08:55 is_ready:True
2025-01-30 04:00:10 tech_manager: max_rows:40 candle_time:2025-01-30 08:55:00+00:00 granularity:M5
2025-01-30 04:00:10 process_candles:
       PAIR      time    mid_c      EMA_20      EMA_50       ADX_14     RSI_14      MACD  SIGNAL_MD  ENGULFING  PIN_BAR_BULL  PIN_BAR_BEAR   SL   TP  SPREAD      GAIN     LOSS  SIGNAL
34  USD_JPY  03:35 AM  154.568  154.541533  154.538534  1427.128255  53.219225  0.012154   0.007752       True         False         False  0.0  0.0   0.020  0.047400  154.568       0
35  USD_JPY  03:40 AM  154.551  154.542435  154.539023  1549.995463  51.295491  0.011228   0.008512      False         False         False  0.0  0.0   0.018  0.024067  154.551       0
36  USD_JPY  03:45 AM  154.520  154.540298  154.538277  1653.097460  47.895567  0.008032   0.008409      False         False         False  0.0  0.0   0.015  0.011017  154.520       0
37  USD_JPY  03:50 AM  154.535  154.539794  154.538148  1756.199458  49.635098  0.006577   0.008021      False         False         False  0.0  0.0   0.016  0.001600  154.535       0
38  USD_JPY  03:55 AM  154.480  154.534099  154.535868  1625.417821  43.853852  0.001176   0.006589       True         False         False  0.0  0.0   0.019  0.053833  154.480       0
2025-01-30 04:05:13 CandleManager() new candle:last_candle:25-01-30 09:00 is_ready:True
2025-01-30 04:05:14 tech_manager: max_rows:40 candle_time:2025-01-30 09:00:00+00:00 granularity:M5
2025-01-30 04:05:14 process_candles:
       PAIR      time    mid_c      EMA_20      EMA_50       ADX_14     RSI_14      MACD  SIGNAL_MD  ENGULFING  PIN_BAR_BULL  PIN_BAR_BEAR   SL   TP  SPREAD      GAIN     LOSS  SIGNAL
34  USD_JPY  03:40 AM  154.551  154.542766  154.541735  1549.995463  51.203631  0.011275   0.008830      False         False         False  0.0  0.0   0.018  0.024067  154.551       0
35  USD_JPY  03:45 AM  154.520  154.540598  154.540883  1653.097460  47.803819  0.008082   0.008666      False         False         False  0.0  0.0   0.015  0.011017  154.520       0
36  USD_JPY  03:50 AM  154.535  154.540065  154.540652  1756.199458  49.549379  0.006623   0.008227      False         False         False  0.0  0.0   0.016  0.001600  154.535       0
37  USD_JPY  03:55 AM  154.480  154.534344  154.538273  1625.417821  43.769440  0.001235   0.006747       True         False         False  0.0  0.0   0.019  0.053833  154.480       0
38  USD_JPY  04:00 AM  154.544  154.535264  154.538498  1344.179386  50.940886  0.001875   0.005728      False         False         False  0.0  0.0   0.015  0.010267  154.544       0
2025-01-30 04:10:17 CandleManager() new candle:last_candle:25-01-30 09:05 is_ready:True
2025-01-30 04:10:18 tech_manager: max_rows:40 candle_time:2025-01-30 09:05:00+00:00 granularity:M5
2025-01-30 04:10:18 process_candles:
       PAIR      time    mid_c      EMA_20      EMA_50       ADX_14     RSI_14      MACD  SIGNAL_MD  ENGULFING  PIN_BAR_BULL  PIN_BAR_BEAR   SL   TP  SPREAD      GAIN     LOSS  SIGNAL
34  USD_JPY  03:45 AM  154.520  154.538400  154.522884  1116.838234  48.413073  0.008190   0.009078      False         False         False  0.0  0.0   0.015  0.011017  154.520       0
35  USD_JPY  03:50 AM  154.535  154.538076  154.523360  1221.498314  50.159502  0.006724   0.008563      False         False         False  0.0  0.0   0.016  0.001600  154.535       0
36  USD_JPY  03:55 AM  154.480  154.532545  154.521659  1083.905588  44.244840  0.001345   0.007013       True         False         False  0.0  0.0   0.019  0.053833  154.480       0
37  USD_JPY  04:00 AM  154.544  154.533636  154.522535   692.151587  51.422946  0.001974   0.005947      False         False         False  0.0  0.0   0.015  0.010267  154.544       0
38  USD_JPY  04:05 AM  154.444  154.525099  154.519455   498.884432  42.266520 -0.005168   0.003621       True         False         False  0.0  0.0   0.021  0.089333  154.444       0
